2025-08-09 17:28:51,555 - __main__ - WARNING - Could not mount generated_media: Directory 'generated_media' does not exist
2025-08-09 17:28:51,555 - __main__ - WARNING - Could not mount generated_projects: Directory 'generated_projects' does not exist
2025-08-09 17:28:53,250 - watchfiles.main - INFO - 1 change detected
2025-08-09 17:28:53,601 - watchfiles.main - INFO - 4 changes detected
2025-08-09 17:28:53,952 - watchfiles.main - INFO - 1 change detected
2025-08-09 17:28:54,303 - watchfiles.main - INFO - 1 change detected
2025-08-09 17:28:54,653 - watchfiles.main - INFO - 2 changes detected
2025-08-09 17:28:55,004 - watchfiles.main - INFO - 1 change detected
2025-08-09 17:28:55,354 - watchfiles.main - INFO - 1 change detected
2025-08-09 17:28:55,705 - watchfiles.main - INFO - 1 change detected
2025-08-09 17:28:56,056 - watchfiles.main - INFO - 1 change detected
2025-08-09 17:28:56,406 - watchfiles.main - INFO - 1 change detected
2025-08-09 17:28:56,757 - watchfiles.main - INFO - 1 change detected
2025-08-09 17:28:57,107 - watchfiles.main - INFO - 1 change detected
2025-08-09 17:28:57,458 - watchfiles.main - INFO - 1 change detected
2025-08-09 17:28:57,809 - watchfiles.main - INFO - 1 change detected
2025-08-09 17:28:58,159 - watchfiles.main - INFO - 1 change detected
2025-08-09 17:28:58,510 - watchfiles.main - INFO - 1 change detected
2025-08-09 17:28:58,861 - watchfiles.main - INFO - 1 change detected
2025-08-09 17:28:59,211 - watchfiles.main - INFO - 1 change detected
2025-08-09 17:28:59,562 - watchfiles.main - INFO - 1 change detected
2025-08-09 17:28:59,912 - watchfiles.main - INFO - 1 change detected
2025-08-09 17:29:00,263 - watchfiles.main - INFO - 1 change detected
2025-08-09 17:29:00,613 - watchfiles.main - INFO - 1 change detected
2025-08-09 17:29:00,964 - watchfiles.main - INFO - 1 change detected
2025-08-09 17:29:01,315 - watchfiles.main - INFO - 1 change detected
2025-08-09 17:29:01,666 - watchfiles.main - INFO - 1 change detected
2025-08-09 17:29:02,016 - watchfiles.main - INFO - 1 change detected
2025-08-09 17:29:02,367 - watchfiles.main - INFO - 1 change detected
2025-08-09 17:29:02,718 - watchfiles.main - INFO - 1 change detected
2025-08-09 17:29:03,069 - watchfiles.main - INFO - 1 change detected
2025-08-09 17:29:03,419 - watchfiles.main - INFO - 1 change detected
2025-08-09 17:29:03,770 - watchfiles.main - INFO - 3 changes detected
2025-08-09 17:29:04,120 - watchfiles.main - INFO - 2 changes detected
2025-08-09 17:29:04,471 - watchfiles.main - INFO - 1 change detected
2025-08-09 17:29:04,822 - watchfiles.main - INFO - 2 changes detected
2025-08-09 17:29:05,173 - watchfiles.main - INFO - 1 change detected
2025-08-09 17:29:05,523 - watchfiles.main - INFO - 1 change detected
2025-08-09 17:29:05,874 - watchfiles.main - INFO - 2 changes detected
2025-08-09 17:29:06,224 - watchfiles.main - INFO - 1 change detected
2025-08-09 17:29:06,575 - watchfiles.main - INFO - 2 changes detected
2025-08-09 17:29:06,926 - watchfiles.main - INFO - 2 changes detected
2025-08-09 17:29:07,276 - watchfiles.main - INFO - 1 change detected
2025-08-09 17:29:07,627 - watchfiles.main - INFO - 2 changes detected
2025-08-09 17:29:07,978 - watchfiles.main - INFO - 1 change detected
2025-08-09 17:29:08,328 - watchfiles.main - INFO - 3 changes detected
2025-08-09 17:29:08,679 - watchfiles.main - INFO - 1 change detected
2025-08-09 17:29:09,030 - watchfiles.main - INFO - 1 change detected
2025-08-09 17:29:09,380 - watchfiles.main - INFO - 1 change detected
2025-08-09 17:29:09,731 - watchfiles.main - INFO - 1 change detected
2025-08-09 17:29:10,082 - watchfiles.main - INFO - 1 change detected
2025-08-09 17:29:10,432 - watchfiles.main - INFO - 1 change detected
2025-08-09 17:29:10,783 - watchfiles.main - INFO - 1 change detected
2025-08-09 17:29:11,134 - watchfiles.main - INFO - 1 change detected
2025-08-09 17:29:11,484 - watchfiles.main - INFO - 1 change detected
2025-08-09 17:29:11,835 - watchfiles.main - INFO - 1 change detected
2025-08-09 17:29:12,186 - watchfiles.main - INFO - 1 change detected
2025-08-09 17:29:12,536 - watchfiles.main - INFO - 1 change detected
2025-08-09 17:29:12,887 - watchfiles.main - INFO - 1 change detected
2025-08-09 17:29:13,237 - watchfiles.main - INFO - 1 change detected
2025-08-09 17:29:13,588 - watchfiles.main - INFO - 1 change detected
2025-08-09 17:29:13,939 - watchfiles.main - INFO - 1 change detected
2025-08-09 17:29:14,289 - watchfiles.main - INFO - 1 change detected
2025-08-09 17:29:14,640 - watchfiles.main - INFO - 1 change detected
2025-08-09 17:29:14,991 - watchfiles.main - INFO - 1 change detected
2025-08-09 17:29:15,341 - watchfiles.main - INFO - 1 change detected
2025-08-09 17:29:15,692 - watchfiles.main - INFO - 1 change detected
2025-08-09 17:29:16,042 - watchfiles.main - INFO - 1 change detected
2025-08-09 17:29:16,393 - watchfiles.main - INFO - 1 change detected
2025-08-09 17:29:16,744 - watchfiles.main - INFO - 1 change detected
2025-08-09 17:29:17,094 - watchfiles.main - INFO - 1 change detected
2025-08-09 17:29:17,445 - watchfiles.main - INFO - 1 change detected
2025-08-09 17:29:17,796 - watchfiles.main - INFO - 1 change detected
2025-08-09 17:29:18,146 - watchfiles.main - INFO - 1 change detected
2025-08-09 17:29:18,497 - watchfiles.main - INFO - 1 change detected
2025-08-09 17:29:18,847 - watchfiles.main - INFO - 1 change detected
2025-08-09 17:29:19,198 - watchfiles.main - INFO - 1 change detected
2025-08-09 17:29:19,549 - watchfiles.main - INFO - 1 change detected
2025-08-09 17:29:19,899 - watchfiles.main - INFO - 1 change detected
2025-08-09 17:29:20,250 - watchfiles.main - INFO - 1 change detected
2025-08-09 17:29:20,601 - watchfiles.main - INFO - 1 change detected
2025-08-09 17:29:20,951 - watchfiles.main - INFO - 1 change detected
2025-08-09 17:29:21,302 - watchfiles.main - INFO - 1 change detected
2025-08-09 17:29:21,652 - watchfiles.main - INFO - 1 change detected
2025-08-09 17:29:22,003 - watchfiles.main - INFO - 1 change detected
2025-08-09 17:29:22,354 - watchfiles.main - INFO - 1 change detected
2025-08-09 17:29:22,704 - watchfiles.main - INFO - 1 change detected
2025-08-09 17:29:23,055 - watchfiles.main - INFO - 1 change detected
2025-08-09 17:29:23,406 - watchfiles.main - INFO - 1 change detected
2025-08-09 17:29:23,756 - watchfiles.main - INFO - 1 change detected
2025-08-09 17:29:24,107 - watchfiles.main - INFO - 1 change detected
2025-08-09 17:29:24,458 - watchfiles.main - INFO - 1 change detected
2025-08-09 17:29:24,808 - watchfiles.main - INFO - 1 change detected
2025-08-09 17:29:25,159 - watchfiles.main - INFO - 1 change detected
2025-08-09 17:29:25,510 - watchfiles.main - INFO - 1 change detected
2025-08-09 17:29:25,860 - watchfiles.main - INFO - 1 change detected
2025-08-09 17:29:26,211 - watchfiles.main - INFO - 1 change detected
2025-08-09 17:29:26,562 - watchfiles.main - INFO - 1 change detected
2025-08-09 17:29:26,913 - watchfiles.main - INFO - 1 change detected
2025-08-09 17:29:27,263 - watchfiles.main - INFO - 1 change detected
2025-08-09 17:29:27,614 - watchfiles.main - INFO - 1 change detected
2025-08-09 17:29:27,964 - watchfiles.main - INFO - 1 change detected
2025-08-09 17:29:28,315 - watchfiles.main - INFO - 1 change detected
2025-08-09 17:29:28,666 - watchfiles.main - INFO - 1 change detected
2025-08-09 17:29:29,016 - watchfiles.main - INFO - 1 change detected
2025-08-09 17:29:29,367 - watchfiles.main - INFO - 1 change detected
2025-08-09 17:29:29,718 - watchfiles.main - INFO - 1 change detected
2025-08-09 17:29:30,068 - watchfiles.main - INFO - 1 change detected
2025-08-09 17:29:30,419 - watchfiles.main - INFO - 1 change detected
2025-08-09 17:29:30,769 - watchfiles.main - INFO - 1 change detected
2025-08-09 17:29:31,120 - watchfiles.main - INFO - 1 change detected
2025-08-09 17:29:31,471 - watchfiles.main - INFO - 1 change detected
2025-08-09 17:29:31,821 - watchfiles.main - INFO - 1 change detected
2025-08-09 17:29:32,172 - watchfiles.main - INFO - 1 change detected
2025-08-09 17:29:32,523 - watchfiles.main - INFO - 1 change detected
2025-08-09 17:29:32,873 - watchfiles.main - INFO - 1 change detected
2025-08-09 17:29:33,224 - watchfiles.main - INFO - 1 change detected
2025-08-09 17:29:33,575 - watchfiles.main - INFO - 1 change detected
2025-08-09 17:29:33,925 - watchfiles.main - INFO - 1 change detected
2025-08-09 17:29:34,276 - watchfiles.main - INFO - 1 change detected
2025-08-09 17:29:34,626 - watchfiles.main - INFO - 1 change detected
2025-08-09 17:29:34,978 - watchfiles.main - INFO - 1 change detected
2025-08-09 17:29:35,328 - watchfiles.main - INFO - 1 change detected
2025-08-09 17:29:35,679 - watchfiles.main - INFO - 1 change detected
2025-08-09 17:29:36,030 - watchfiles.main - INFO - 1 change detected
2025-08-09 17:29:36,381 - watchfiles.main - INFO - 1 change detected
2025-08-09 17:29:36,731 - watchfiles.main - INFO - 1 change detected
2025-08-09 17:29:37,082 - watchfiles.main - INFO - 1 change detected
2025-08-09 17:29:37,433 - watchfiles.main - INFO - 1 change detected
2025-08-09 17:29:37,783 - watchfiles.main - INFO - 1 change detected
2025-08-09 17:29:38,184 - watchfiles.main - INFO - 2 changes detected
2025-08-09 17:29:38,535 - watchfiles.main - INFO - 1 change detected
2025-08-09 17:29:38,885 - watchfiles.main - INFO - 1 change detected
2025-08-09 17:29:39,236 - watchfiles.main - INFO - 1 change detected
2025-08-09 17:29:39,587 - watchfiles.main - INFO - 1 change detected
2025-08-09 17:29:39,937 - watchfiles.main - INFO - 1 change detected
2025-08-09 17:29:40,288 - watchfiles.main - INFO - 1 change detected
2025-08-09 17:29:40,639 - watchfiles.main - INFO - 1 change detected
2025-08-09 17:29:40,989 - watchfiles.main - INFO - 1 change detected
2025-08-09 17:29:41,340 - watchfiles.main - INFO - 1 change detected
2025-08-09 17:29:41,691 - watchfiles.main - INFO - 1 change detected
2025-08-09 17:29:42,041 - watchfiles.main - INFO - 1 change detected
2025-08-09 17:29:42,392 - watchfiles.main - INFO - 1 change detected
2025-08-09 17:29:42,743 - watchfiles.main - INFO - 1 change detected
2025-08-09 17:29:43,094 - watchfiles.main - INFO - 1 change detected
2025-08-09 17:29:43,444 - watchfiles.main - INFO - 1 change detected
2025-08-09 17:29:43,795 - watchfiles.main - INFO - 1 change detected
2025-08-09 17:29:44,145 - watchfiles.main - INFO - 1 change detected
2025-08-09 17:29:44,496 - watchfiles.main - INFO - 1 change detected
2025-08-09 17:29:44,847 - watchfiles.main - INFO - 1 change detected
2025-08-09 17:29:45,197 - watchfiles.main - INFO - 1 change detected
2025-08-09 17:29:45,548 - watchfiles.main - INFO - 1 change detected
2025-08-09 17:29:45,899 - watchfiles.main - INFO - 1 change detected
2025-08-09 17:29:46,249 - watchfiles.main - INFO - 1 change detected
2025-08-09 17:29:46,600 - watchfiles.main - INFO - 1 change detected
2025-08-09 17:29:46,951 - watchfiles.main - INFO - 1 change detected
2025-08-09 17:29:47,301 - watchfiles.main - INFO - 1 change detected
2025-08-09 17:29:47,652 - watchfiles.main - INFO - 1 change detected
2025-08-09 17:29:48,003 - watchfiles.main - INFO - 1 change detected
2025-08-09 17:29:48,353 - watchfiles.main - INFO - 1 change detected
2025-08-09 17:29:48,704 - watchfiles.main - INFO - 1 change detected
2025-08-09 17:29:49,054 - watchfiles.main - INFO - 1 change detected
2025-08-09 17:29:49,405 - watchfiles.main - INFO - 1 change detected
2025-08-09 17:29:49,756 - watchfiles.main - INFO - 1 change detected
2025-08-09 17:29:50,106 - watchfiles.main - INFO - 1 change detected
2025-08-09 17:29:50,457 - watchfiles.main - INFO - 1 change detected
2025-08-09 17:29:50,807 - watchfiles.main - INFO - 1 change detected
2025-08-09 17:29:51,158 - watchfiles.main - INFO - 1 change detected
2025-08-09 17:29:51,509 - watchfiles.main - INFO - 1 change detected
2025-08-09 17:29:51,859 - watchfiles.main - INFO - 1 change detected
2025-08-09 17:29:52,210 - watchfiles.main - INFO - 1 change detected
2025-08-09 17:29:52,560 - watchfiles.main - INFO - 1 change detected
2025-08-09 17:29:52,911 - watchfiles.main - INFO - 1 change detected
2025-08-09 17:29:53,262 - watchfiles.main - INFO - 1 change detected
2025-08-09 17:29:53,612 - watchfiles.main - INFO - 1 change detected
2025-08-09 17:29:53,963 - watchfiles.main - INFO - 1 change detected
2025-08-09 17:29:54,314 - watchfiles.main - INFO - 1 change detected
2025-08-09 17:29:54,664 - watchfiles.main - INFO - 1 change detected
2025-08-09 17:29:55,015 - watchfiles.main - INFO - 1 change detected
2025-08-09 17:29:55,366 - watchfiles.main - INFO - 1 change detected
2025-08-09 17:29:55,716 - watchfiles.main - INFO - 1 change detected
2025-08-09 17:29:56,067 - watchfiles.main - INFO - 1 change detected
2025-08-09 17:29:56,418 - watchfiles.main - INFO - 1 change detected
2025-08-09 17:29:56,768 - watchfiles.main - INFO - 1 change detected
2025-08-09 17:29:57,119 - watchfiles.main - INFO - 1 change detected
2025-08-09 17:29:57,470 - watchfiles.main - INFO - 1 change detected
2025-08-09 17:29:57,820 - watchfiles.main - INFO - 1 change detected
2025-08-09 17:29:58,171 - watchfiles.main - INFO - 1 change detected
2025-08-09 17:29:58,522 - watchfiles.main - INFO - 1 change detected
2025-08-09 17:29:58,872 - watchfiles.main - INFO - 1 change detected
2025-08-09 17:29:59,223 - watchfiles.main - INFO - 1 change detected
2025-08-09 17:29:59,574 - watchfiles.main - INFO - 1 change detected
2025-08-09 17:29:59,924 - watchfiles.main - INFO - 1 change detected
2025-08-09 17:30:00,275 - watchfiles.main - INFO - 1 change detected
2025-08-09 17:30:00,626 - watchfiles.main - INFO - 1 change detected
2025-08-09 17:30:00,976 - watchfiles.main - INFO - 1 change detected
2025-08-09 17:30:01,327 - watchfiles.main - INFO - 1 change detected
2025-08-09 17:30:01,677 - watchfiles.main - INFO - 1 change detected
2025-08-09 17:30:02,028 - watchfiles.main - INFO - 1 change detected
2025-08-09 17:30:02,379 - watchfiles.main - INFO - 1 change detected
2025-08-09 17:30:02,729 - watchfiles.main - INFO - 1 change detected
2025-08-09 17:30:03,080 - watchfiles.main - INFO - 1 change detected
2025-08-09 17:30:03,431 - watchfiles.main - INFO - 1 change detected
2025-08-09 17:30:03,782 - watchfiles.main - INFO - 1 change detected
2025-08-09 17:30:04,133 - watchfiles.main - INFO - 1 change detected
2025-08-09 17:30:04,483 - watchfiles.main - INFO - 1 change detected
2025-08-09 17:30:04,834 - watchfiles.main - INFO - 1 change detected
2025-08-09 17:30:05,184 - watchfiles.main - INFO - 1 change detected
2025-08-09 17:30:05,535 - watchfiles.main - INFO - 1 change detected
2025-08-09 17:30:05,886 - watchfiles.main - INFO - 1 change detected
2025-08-09 17:30:06,236 - watchfiles.main - INFO - 1 change detected
2025-08-09 17:30:06,587 - watchfiles.main - INFO - 1 change detected
2025-08-09 17:30:06,938 - watchfiles.main - INFO - 1 change detected
2025-08-09 17:30:07,288 - watchfiles.main - INFO - 1 change detected
2025-08-09 17:30:07,639 - watchfiles.main - INFO - 1 change detected
2025-08-09 17:30:07,990 - watchfiles.main - INFO - 1 change detected
2025-08-09 17:30:08,341 - watchfiles.main - INFO - 2 changes detected
2025-08-09 17:30:08,691 - watchfiles.main - INFO - 1 change detected
2025-08-09 17:30:09,042 - watchfiles.main - INFO - 1 change detected
2025-08-09 17:30:09,393 - watchfiles.main - INFO - 1 change detected
2025-08-09 17:30:09,743 - watchfiles.main - INFO - 1 change detected
2025-08-09 17:30:10,094 - watchfiles.main - INFO - 1 change detected
2025-08-09 17:30:10,444 - watchfiles.main - INFO - 1 change detected
2025-08-09 17:30:10,795 - watchfiles.main - INFO - 1 change detected
2025-08-09 17:30:11,146 - watchfiles.main - INFO - 1 change detected
2025-08-09 17:30:11,496 - watchfiles.main - INFO - 1 change detected
2025-08-09 17:30:11,847 - watchfiles.main - INFO - 1 change detected
2025-08-09 17:30:12,198 - watchfiles.main - INFO - 1 change detected
2025-08-09 17:30:12,548 - watchfiles.main - INFO - 1 change detected
2025-08-09 17:30:12,899 - watchfiles.main - INFO - 1 change detected
2025-08-09 17:30:13,250 - watchfiles.main - INFO - 1 change detected
2025-08-09 17:30:13,600 - watchfiles.main - INFO - 1 change detected
2025-08-09 17:30:13,951 - watchfiles.main - INFO - 1 change detected
2025-08-09 17:30:14,301 - watchfiles.main - INFO - 1 change detected
2025-08-09 17:30:14,652 - watchfiles.main - INFO - 1 change detected
2025-08-09 17:30:15,003 - watchfiles.main - INFO - 1 change detected
2025-08-09 17:30:15,353 - watchfiles.main - INFO - 1 change detected
2025-08-09 17:30:15,704 - watchfiles.main - INFO - 1 change detected
2025-08-09 17:30:16,055 - watchfiles.main - INFO - 1 change detected
2025-08-09 17:30:16,405 - watchfiles.main - INFO - 1 change detected
2025-08-09 17:30:16,756 - watchfiles.main - INFO - 1 change detected
2025-08-09 17:30:17,106 - watchfiles.main - INFO - 1 change detected
2025-08-09 17:30:17,457 - watchfiles.main - INFO - 1 change detected
2025-08-09 17:30:17,808 - watchfiles.main - INFO - 1 change detected
2025-08-09 17:30:18,158 - watchfiles.main - INFO - 1 change detected
2025-08-09 17:30:18,509 - watchfiles.main - INFO - 1 change detected
2025-08-09 17:30:18,860 - watchfiles.main - INFO - 1 change detected
2025-08-09 17:30:19,210 - watchfiles.main - INFO - 1 change detected
2025-08-09 17:30:19,561 - watchfiles.main - INFO - 1 change detected
2025-08-09 17:30:19,911 - watchfiles.main - INFO - 1 change detected
2025-08-09 17:30:20,262 - watchfiles.main - INFO - 1 change detected
2025-08-09 17:30:20,613 - watchfiles.main - INFO - 1 change detected
2025-08-09 17:30:20,963 - watchfiles.main - INFO - 1 change detected
2025-08-09 17:30:21,314 - watchfiles.main - INFO - 1 change detected
2025-08-09 17:30:21,665 - watchfiles.main - INFO - 1 change detected
2025-08-09 17:30:22,015 - watchfiles.main - INFO - 1 change detected
2025-08-09 17:30:22,366 - watchfiles.main - INFO - 2 changes detected
2025-08-09 17:30:22,716 - watchfiles.main - INFO - 1 change detected
2025-08-09 17:30:23,067 - watchfiles.main - INFO - 1 change detected
2025-08-09 17:30:23,418 - watchfiles.main - INFO - 1 change detected
2025-08-09 17:30:23,768 - watchfiles.main - INFO - 1 change detected
2025-08-09 17:30:24,119 - watchfiles.main - INFO - 2 changes detected
2025-08-09 17:30:24,470 - watchfiles.main - INFO - 1 change detected
2025-08-09 17:30:24,820 - watchfiles.main - INFO - 1 change detected
2025-08-09 17:30:25,171 - watchfiles.main - INFO - 1 change detected
2025-08-09 17:30:25,522 - watchfiles.main - INFO - 1 change detected
2025-08-09 17:30:25,872 - watchfiles.main - INFO - 1 change detected
2025-08-09 17:30:26,223 - watchfiles.main - INFO - 1 change detected
2025-08-09 17:30:26,574 - watchfiles.main - INFO - 1 change detected
2025-08-09 17:30:26,924 - watchfiles.main - INFO - 1 change detected
2025-08-09 17:30:27,275 - watchfiles.main - INFO - 1 change detected
2025-08-09 17:30:27,625 - watchfiles.main - INFO - 1 change detected
2025-08-09 17:30:27,976 - watchfiles.main - INFO - 1 change detected
2025-08-09 17:30:28,327 - watchfiles.main - INFO - 1 change detected
2025-08-09 17:30:28,677 - watchfiles.main - INFO - 1 change detected
2025-08-09 17:30:29,028 - watchfiles.main - INFO - 1 change detected
2025-08-09 17:30:29,379 - watchfiles.main - INFO - 1 change detected
2025-08-09 17:30:29,729 - watchfiles.main - INFO - 1 change detected
2025-08-09 17:30:30,080 - watchfiles.main - INFO - 1 change detected
2025-08-09 17:30:30,430 - watchfiles.main - INFO - 1 change detected
2025-08-09 17:30:30,781 - watchfiles.main - INFO - 1 change detected
2025-08-09 17:30:31,132 - watchfiles.main - INFO - 1 change detected
2025-08-09 17:30:31,482 - watchfiles.main - INFO - 1 change detected
2025-08-09 17:30:31,833 - watchfiles.main - INFO - 1 change detected
2025-08-09 17:30:32,184 - watchfiles.main - INFO - 1 change detected
2025-08-09 17:30:32,534 - watchfiles.main - INFO - 1 change detected
2025-08-09 17:30:32,885 - watchfiles.main - INFO - 1 change detected
2025-08-09 17:30:33,235 - watchfiles.main - INFO - 1 change detected
2025-08-09 17:30:33,586 - watchfiles.main - INFO - 1 change detected
2025-08-09 17:30:33,937 - watchfiles.main - INFO - 1 change detected
2025-08-09 17:30:34,287 - watchfiles.main - INFO - 1 change detected
2025-08-09 17:30:34,638 - watchfiles.main - INFO - 1 change detected
2025-08-09 17:30:34,989 - watchfiles.main - INFO - 1 change detected
2025-08-09 17:30:35,339 - watchfiles.main - INFO - 1 change detected
2025-08-09 17:30:35,690 - watchfiles.main - INFO - 1 change detected
2025-08-09 17:30:36,041 - watchfiles.main - INFO - 1 change detected
2025-08-09 17:30:36,391 - watchfiles.main - INFO - 1 change detected
2025-08-09 17:30:36,742 - watchfiles.main - INFO - 1 change detected
2025-08-09 17:30:37,093 - watchfiles.main - INFO - 1 change detected
2025-08-09 17:30:37,443 - watchfiles.main - INFO - 1 change detected
2025-08-09 17:30:37,794 - watchfiles.main - INFO - 1 change detected
2025-08-09 17:30:38,195 - watchfiles.main - INFO - 2 changes detected
2025-08-09 17:30:38,545 - watchfiles.main - INFO - 1 change detected
2025-08-09 17:30:38,896 - watchfiles.main - INFO - 1 change detected
2025-08-09 17:30:39,246 - watchfiles.main - INFO - 1 change detected
2025-08-09 17:30:39,597 - watchfiles.main - INFO - 1 change detected
2025-08-09 17:30:39,948 - watchfiles.main - INFO - 1 change detected
2025-08-09 17:30:40,298 - watchfiles.main - INFO - 1 change detected
2025-08-09 17:30:40,649 - watchfiles.main - INFO - 1 change detected
2025-08-09 17:30:41,000 - watchfiles.main - INFO - 1 change detected
2025-08-09 17:30:41,350 - watchfiles.main - INFO - 1 change detected
2025-08-09 17:30:41,701 - watchfiles.main - INFO - 1 change detected
2025-08-09 17:30:42,054 - watchfiles.main - INFO - 1 change detected
2025-08-09 17:30:42,404 - watchfiles.main - INFO - 1 change detected
2025-08-09 17:30:42,755 - watchfiles.main - INFO - 1 change detected
2025-08-09 17:30:43,106 - watchfiles.main - INFO - 1 change detected
2025-08-09 17:30:43,456 - watchfiles.main - INFO - 1 change detected
2025-08-09 17:30:43,807 - watchfiles.main - INFO - 1 change detected
2025-08-09 17:30:44,158 - watchfiles.main - INFO - 1 change detected
2025-08-09 17:30:44,508 - watchfiles.main - INFO - 1 change detected
2025-08-09 17:30:44,859 - watchfiles.main - INFO - 1 change detected
2025-08-09 17:30:45,210 - watchfiles.main - INFO - 1 change detected
2025-08-09 17:30:45,560 - watchfiles.main - INFO - 1 change detected
2025-08-09 17:30:45,911 - watchfiles.main - INFO - 1 change detected
2025-08-09 17:30:46,261 - watchfiles.main - INFO - 1 change detected
2025-08-09 17:30:46,612 - watchfiles.main - INFO - 1 change detected
2025-08-09 17:30:46,963 - watchfiles.main - INFO - 1 change detected
2025-08-09 17:30:47,315 - watchfiles.main - INFO - 1 change detected
2025-08-09 17:30:47,671 - watchfiles.main - INFO - 1 change detected
2025-08-09 17:30:48,021 - watchfiles.main - INFO - 1 change detected
2025-08-09 17:30:48,372 - watchfiles.main - INFO - 1 change detected
2025-08-09 17:30:48,723 - watchfiles.main - INFO - 2 changes detected
2025-08-09 17:30:50,026 - watchfiles.main - INFO - 3 changes detected
2025-08-09 17:30:50,381 - watchfiles.main - INFO - 1 change detected
2025-08-09 17:30:50,732 - watchfiles.main - INFO - 1 change detected
2025-08-09 17:30:51,082 - watchfiles.main - INFO - 1 change detected
2025-08-09 17:30:51,433 - watchfiles.main - INFO - 1 change detected
2025-08-09 17:30:51,784 - watchfiles.main - INFO - 2 changes detected
2025-08-09 17:30:52,137 - watchfiles.main - INFO - 2 changes detected
2025-08-09 17:30:52,487 - watchfiles.main - INFO - 1 change detected
2025-08-09 17:30:52,841 - watchfiles.main - INFO - 1 change detected
2025-08-09 17:30:53,243 - watchfiles.main - INFO - 2 changes detected
2025-08-09 17:30:53,683 - watchfiles.main - INFO - 1 change detected
2025-08-09 17:30:54,034 - watchfiles.main - INFO - 1 change detected
2025-08-09 17:30:54,385 - watchfiles.main - INFO - 1 change detected
2025-08-09 17:30:54,735 - watchfiles.main - INFO - 1 change detected
2025-08-09 17:30:55,086 - watchfiles.main - INFO - 2 changes detected
2025-08-09 17:30:55,440 - watchfiles.main - INFO - 2 changes detected
2025-08-09 17:30:55,790 - watchfiles.main - INFO - 1 change detected
2025-08-09 17:30:56,141 - watchfiles.main - INFO - 2 changes detected
2025-08-09 17:30:56,491 - watchfiles.main - INFO - 1 change detected
2025-08-09 17:30:56,842 - watchfiles.main - INFO - 1 change detected
2025-08-09 17:30:57,193 - watchfiles.main - INFO - 2 changes detected
2025-08-09 17:30:57,543 - watchfiles.main - INFO - 2 changes detected
2025-08-09 17:30:57,894 - watchfiles.main - INFO - 1 change detected
2025-08-09 17:30:58,245 - watchfiles.main - INFO - 2 changes detected
2025-08-09 17:30:58,645 - watchfiles.main - INFO - 2 changes detected
2025-08-09 17:30:58,996 - watchfiles.main - INFO - 2 changes detected
2025-08-09 17:30:59,347 - watchfiles.main - INFO - 2 changes detected
2025-08-09 17:30:59,697 - watchfiles.main - INFO - 1 change detected
2025-08-09 17:31:00,048 - watchfiles.main - INFO - 1 change detected
2025-08-09 17:31:00,399 - watchfiles.main - INFO - 1 change detected
2025-08-09 17:31:00,750 - watchfiles.main - INFO - 1 change detected
2025-08-09 17:31:01,100 - watchfiles.main - INFO - 1 change detected
2025-08-09 17:31:01,451 - watchfiles.main - INFO - 1 change detected
2025-08-09 17:31:01,802 - watchfiles.main - INFO - 1 change detected
2025-08-09 17:31:02,155 - watchfiles.main - INFO - 2 changes detected
2025-08-09 17:31:03,254 - watchfiles.main - INFO - 3 changes detected
2025-08-09 17:31:03,608 - watchfiles.main - INFO - 1 change detected
2025-08-09 17:31:03,960 - watchfiles.main - INFO - 1 change detected
2025-08-09 17:31:04,311 - watchfiles.main - INFO - 1 change detected
2025-08-09 17:31:04,662 - watchfiles.main - INFO - 1 change detected
2025-08-09 17:31:05,012 - watchfiles.main - INFO - 2 changes detected
2025-08-09 17:31:05,363 - watchfiles.main - INFO - 2 changes detected
2025-08-09 17:31:05,714 - watchfiles.main - INFO - 1 change detected
2025-08-09 17:31:06,064 - watchfiles.main - INFO - 3 changes detected
2025-08-09 17:31:06,465 - watchfiles.main - INFO - 2 changes detected
2025-08-09 17:31:06,816 - watchfiles.main - INFO - 2 changes detected
2025-08-09 17:31:07,166 - watchfiles.main - INFO - 2 changes detected
2025-08-09 17:31:07,517 - watchfiles.main - INFO - 1 change detected
2025-08-09 17:31:07,868 - watchfiles.main - INFO - 1 change detected
2025-08-09 17:31:08,218 - watchfiles.main - INFO - 1 change detected
2025-08-09 17:31:08,569 - watchfiles.main - INFO - 1 change detected
2025-08-09 17:31:08,920 - watchfiles.main - INFO - 2 changes detected
2025-08-09 17:31:09,270 - watchfiles.main - INFO - 2 changes detected
2025-08-09 17:31:09,621 - watchfiles.main - INFO - 2 changes detected
2025-08-09 17:31:09,972 - watchfiles.main - INFO - 1 change detected
2025-08-09 17:31:10,322 - watchfiles.main - INFO - 1 change detected
2025-08-09 17:31:10,673 - watchfiles.main - INFO - 1 change detected
2025-08-09 17:31:11,024 - watchfiles.main - INFO - 1 change detected
2025-08-09 17:31:11,374 - watchfiles.main - INFO - 1 change detected
2025-08-09 17:31:11,725 - watchfiles.main - INFO - 1 change detected
2025-08-09 17:31:12,075 - watchfiles.main - INFO - 1 change detected
2025-08-09 17:31:12,426 - watchfiles.main - INFO - 1 change detected
2025-08-09 17:31:12,777 - watchfiles.main - INFO - 1 change detected
2025-08-09 17:31:13,127 - watchfiles.main - INFO - 1 change detected
2025-08-09 17:31:13,478 - watchfiles.main - INFO - 1 change detected
2025-08-09 17:31:13,829 - watchfiles.main - INFO - 1 change detected
2025-08-09 17:31:14,179 - watchfiles.main - INFO - 1 change detected
2025-08-09 17:31:14,530 - watchfiles.main - INFO - 1 change detected
2025-08-09 17:31:14,881 - watchfiles.main - INFO - 1 change detected
2025-08-09 17:31:15,231 - watchfiles.main - INFO - 1 change detected
2025-08-09 17:31:15,582 - watchfiles.main - INFO - 1 change detected
2025-08-09 17:31:15,933 - watchfiles.main - INFO - 1 change detected
2025-08-09 17:31:16,283 - watchfiles.main - INFO - 1 change detected
2025-08-09 17:31:16,634 - watchfiles.main - INFO - 1 change detected
2025-08-09 17:31:16,985 - watchfiles.main - INFO - 1 change detected
2025-08-09 17:31:17,335 - watchfiles.main - INFO - 1 change detected
2025-08-09 17:31:17,686 - watchfiles.main - INFO - 1 change detected
2025-08-09 17:31:18,037 - watchfiles.main - INFO - 1 change detected
2025-08-09 17:31:18,387 - watchfiles.main - INFO - 1 change detected
2025-08-09 17:31:18,738 - watchfiles.main - INFO - 1 change detected
2025-08-09 17:31:19,088 - watchfiles.main - INFO - 1 change detected
2025-08-09 17:31:19,439 - watchfiles.main - INFO - 1 change detected
2025-08-09 17:31:19,790 - watchfiles.main - INFO - 1 change detected
2025-08-09 17:31:20,140 - watchfiles.main - INFO - 1 change detected
2025-08-09 17:31:20,491 - watchfiles.main - INFO - 1 change detected
2025-08-09 17:31:20,842 - watchfiles.main - INFO - 1 change detected
2025-08-09 17:31:21,192 - watchfiles.main - INFO - 1 change detected
2025-08-09 17:31:21,543 - watchfiles.main - INFO - 1 change detected
2025-08-09 17:31:21,893 - watchfiles.main - INFO - 1 change detected
2025-08-09 17:31:22,244 - watchfiles.main - INFO - 1 change detected
2025-08-09 17:31:22,595 - watchfiles.main - INFO - 1 change detected
2025-08-09 17:31:22,945 - watchfiles.main - INFO - 1 change detected
2025-08-09 17:31:23,296 - watchfiles.main - INFO - 1 change detected
2025-08-09 17:31:23,647 - watchfiles.main - INFO - 1 change detected
2025-08-09 17:31:23,997 - watchfiles.main - INFO - 1 change detected
2025-08-09 17:31:24,348 - watchfiles.main - INFO - 1 change detected
2025-08-09 17:31:24,699 - watchfiles.main - INFO - 1 change detected
2025-08-09 17:31:25,049 - watchfiles.main - INFO - 1 change detected
2025-08-09 17:31:25,400 - watchfiles.main - INFO - 1 change detected
2025-08-09 17:31:25,751 - watchfiles.main - INFO - 1 change detected
2025-08-09 17:31:26,101 - watchfiles.main - INFO - 1 change detected
2025-08-09 17:31:26,452 - watchfiles.main - INFO - 1 change detected
2025-08-09 17:31:26,802 - watchfiles.main - INFO - 1 change detected
2025-08-09 17:31:27,153 - watchfiles.main - INFO - 1 change detected
2025-08-09 17:31:27,504 - watchfiles.main - INFO - 1 change detected
2025-08-09 17:31:27,854 - watchfiles.main - INFO - 1 change detected
2025-08-09 17:31:28,205 - watchfiles.main - INFO - 1 change detected
2025-08-09 17:31:28,556 - watchfiles.main - INFO - 1 change detected
2025-08-09 17:31:28,906 - watchfiles.main - INFO - 1 change detected
2025-08-09 17:31:29,257 - watchfiles.main - INFO - 1 change detected
2025-08-09 17:31:29,607 - watchfiles.main - INFO - 1 change detected
2025-08-09 17:31:29,958 - watchfiles.main - INFO - 1 change detected
2025-08-09 17:31:30,309 - watchfiles.main - INFO - 1 change detected
2025-08-09 17:31:30,659 - watchfiles.main - INFO - 1 change detected
2025-08-09 17:31:31,010 - watchfiles.main - INFO - 1 change detected
2025-08-09 17:31:31,360 - watchfiles.main - INFO - 1 change detected
2025-08-09 17:31:31,711 - watchfiles.main - INFO - 1 change detected
2025-08-09 17:31:32,062 - watchfiles.main - INFO - 1 change detected
2025-08-09 17:31:32,412 - watchfiles.main - INFO - 1 change detected
2025-08-09 17:31:32,763 - watchfiles.main - INFO - 1 change detected
2025-08-09 17:31:33,114 - watchfiles.main - INFO - 1 change detected
2025-08-09 17:31:33,464 - watchfiles.main - INFO - 1 change detected
2025-08-09 17:31:33,815 - watchfiles.main - INFO - 1 change detected
2025-08-09 17:31:34,165 - watchfiles.main - INFO - 1 change detected
2025-08-09 17:31:34,516 - watchfiles.main - INFO - 1 change detected
2025-08-09 17:31:34,867 - watchfiles.main - INFO - 1 change detected
2025-08-09 17:31:35,217 - watchfiles.main - INFO - 1 change detected
2025-08-09 17:31:35,568 - watchfiles.main - INFO - 1 change detected
2025-08-09 17:31:35,919 - watchfiles.main - INFO - 1 change detected
2025-08-09 17:31:36,269 - watchfiles.main - INFO - 1 change detected
2025-08-09 17:31:36,620 - watchfiles.main - INFO - 1 change detected
2025-08-09 17:31:36,971 - watchfiles.main - INFO - 1 change detected
2025-08-09 17:31:37,321 - watchfiles.main - INFO - 1 change detected
2025-08-09 17:31:37,672 - watchfiles.main - INFO - 1 change detected
2025-08-09 17:31:38,023 - watchfiles.main - INFO - 1 change detected
2025-08-09 17:31:38,373 - watchfiles.main - INFO - 1 change detected
2025-08-09 17:31:38,724 - watchfiles.main - INFO - 1 change detected
2025-08-09 17:31:39,074 - watchfiles.main - INFO - 1 change detected
2025-08-09 17:31:39,425 - watchfiles.main - INFO - 2 changes detected
2025-08-09 17:31:39,776 - watchfiles.main - INFO - 1 change detected
2025-08-09 17:31:40,126 - watchfiles.main - INFO - 1 change detected
2025-08-09 17:31:40,477 - watchfiles.main - INFO - 1 change detected
2025-08-09 17:31:40,828 - watchfiles.main - INFO - 1 change detected
2025-08-09 17:31:41,178 - watchfiles.main - INFO - 1 change detected
2025-08-09 17:31:41,529 - watchfiles.main - INFO - 1 change detected
2025-08-09 17:31:41,880 - watchfiles.main - INFO - 1 change detected
2025-08-09 17:31:42,231 - watchfiles.main - INFO - 1 change detected
2025-08-09 17:31:42,581 - watchfiles.main - INFO - 1 change detected
2025-08-09 17:31:42,932 - watchfiles.main - INFO - 1 change detected
2025-08-09 17:31:43,283 - watchfiles.main - INFO - 1 change detected
2025-08-09 17:31:43,633 - watchfiles.main - INFO - 1 change detected
2025-08-09 17:31:43,984 - watchfiles.main - INFO - 1 change detected
2025-08-09 17:31:44,335 - watchfiles.main - INFO - 1 change detected
2025-08-09 17:31:44,685 - watchfiles.main - INFO - 1 change detected
2025-08-09 17:31:45,036 - watchfiles.main - INFO - 1 change detected
2025-08-09 17:31:45,387 - watchfiles.main - INFO - 1 change detected
2025-08-09 17:31:45,737 - watchfiles.main - INFO - 1 change detected
2025-08-09 17:31:46,088 - watchfiles.main - INFO - 1 change detected
2025-08-09 17:31:46,439 - watchfiles.main - INFO - 1 change detected
2025-08-09 17:31:46,789 - watchfiles.main - INFO - 1 change detected
2025-08-09 17:31:47,140 - watchfiles.main - INFO - 1 change detected
2025-08-09 17:31:47,490 - watchfiles.main - INFO - 1 change detected
2025-08-09 17:31:47,841 - watchfiles.main - INFO - 1 change detected
2025-08-09 17:31:48,192 - watchfiles.main - INFO - 1 change detected
2025-08-09 17:31:48,542 - watchfiles.main - INFO - 1 change detected
2025-08-09 17:31:48,893 - watchfiles.main - INFO - 1 change detected
2025-08-09 17:31:49,244 - watchfiles.main - INFO - 1 change detected
2025-08-09 17:31:49,594 - watchfiles.main - INFO - 1 change detected
2025-08-09 17:31:49,945 - watchfiles.main - INFO - 1 change detected
2025-08-09 17:31:50,296 - watchfiles.main - INFO - 1 change detected
2025-08-09 17:31:50,647 - watchfiles.main - INFO - 1 change detected
2025-08-09 17:31:50,997 - watchfiles.main - INFO - 1 change detected
2025-08-09 17:31:51,348 - watchfiles.main - INFO - 1 change detected
2025-08-09 17:31:51,699 - watchfiles.main - INFO - 1 change detected
2025-08-09 17:31:52,049 - watchfiles.main - INFO - 1 change detected
2025-08-09 17:31:52,400 - watchfiles.main - INFO - 1 change detected
2025-08-09 17:31:52,750 - watchfiles.main - INFO - 1 change detected
2025-08-09 17:31:53,101 - watchfiles.main - INFO - 1 change detected
2025-08-09 17:31:53,452 - watchfiles.main - INFO - 1 change detected
2025-08-09 17:31:53,802 - watchfiles.main - INFO - 1 change detected
2025-08-09 17:31:54,153 - watchfiles.main - INFO - 1 change detected
2025-08-09 17:31:54,503 - watchfiles.main - INFO - 1 change detected
2025-08-09 17:31:54,854 - watchfiles.main - INFO - 1 change detected
2025-08-09 17:31:55,205 - watchfiles.main - INFO - 1 change detected
2025-08-09 17:31:55,556 - watchfiles.main - INFO - 1 change detected
2025-08-09 17:31:55,906 - watchfiles.main - INFO - 1 change detected
2025-08-09 17:31:56,257 - watchfiles.main - INFO - 1 change detected
2025-08-09 17:31:56,607 - watchfiles.main - INFO - 1 change detected
2025-08-09 17:31:56,958 - watchfiles.main - INFO - 1 change detected
2025-08-09 17:31:57,309 - watchfiles.main - INFO - 1 change detected
2025-08-09 17:31:57,659 - watchfiles.main - INFO - 1 change detected
2025-08-09 17:31:58,010 - watchfiles.main - INFO - 1 change detected
2025-08-09 17:31:58,361 - watchfiles.main - INFO - 1 change detected
2025-08-09 17:31:58,711 - watchfiles.main - INFO - 1 change detected
2025-08-09 17:31:59,062 - watchfiles.main - INFO - 1 change detected
2025-08-09 17:31:59,412 - watchfiles.main - INFO - 1 change detected
2025-08-09 17:31:59,763 - watchfiles.main - INFO - 1 change detected
2025-08-09 17:32:00,114 - watchfiles.main - INFO - 1 change detected
2025-08-09 17:32:00,464 - watchfiles.main - INFO - 1 change detected
2025-08-09 17:32:00,815 - watchfiles.main - INFO - 1 change detected
2025-08-09 17:32:01,166 - watchfiles.main - INFO - 1 change detected
2025-08-09 17:32:01,516 - watchfiles.main - INFO - 1 change detected
2025-08-09 17:32:01,867 - watchfiles.main - INFO - 1 change detected
2025-08-09 17:32:02,217 - watchfiles.main - INFO - 1 change detected
2025-08-09 17:32:02,568 - watchfiles.main - INFO - 1 change detected
2025-08-09 17:32:02,919 - watchfiles.main - INFO - 1 change detected
2025-08-09 17:32:03,269 - watchfiles.main - INFO - 1 change detected
2025-08-09 17:32:03,620 - watchfiles.main - INFO - 1 change detected
2025-08-09 17:32:03,971 - watchfiles.main - INFO - 1 change detected
2025-08-09 17:32:04,321 - watchfiles.main - INFO - 1 change detected
2025-08-09 17:32:04,672 - watchfiles.main - INFO - 1 change detected
2025-08-09 17:32:05,023 - watchfiles.main - INFO - 1 change detected
2025-08-09 17:32:05,373 - watchfiles.main - INFO - 1 change detected
2025-08-09 17:32:05,724 - watchfiles.main - INFO - 1 change detected
2025-08-09 17:32:06,075 - watchfiles.main - INFO - 1 change detected
2025-08-09 17:32:06,425 - watchfiles.main - INFO - 1 change detected
2025-08-09 17:32:06,776 - watchfiles.main - INFO - 1 change detected
2025-08-09 17:32:07,127 - watchfiles.main - INFO - 1 change detected
2025-08-09 17:32:07,477 - watchfiles.main - INFO - 1 change detected
2025-08-09 17:32:07,828 - watchfiles.main - INFO - 1 change detected
2025-08-09 17:32:08,179 - watchfiles.main - INFO - 1 change detected
2025-08-09 17:32:08,529 - watchfiles.main - INFO - 1 change detected
2025-08-09 17:32:08,880 - watchfiles.main - INFO - 1 change detected
2025-08-09 17:32:09,231 - watchfiles.main - INFO - 1 change detected
2025-08-09 17:32:09,581 - watchfiles.main - INFO - 2 changes detected
2025-08-09 17:32:09,932 - watchfiles.main - INFO - 1 change detected
2025-08-09 17:32:10,283 - watchfiles.main - INFO - 1 change detected
2025-08-09 17:32:10,633 - watchfiles.main - INFO - 1 change detected
2025-08-09 17:32:10,984 - watchfiles.main - INFO - 1 change detected
2025-08-09 17:32:11,335 - watchfiles.main - INFO - 1 change detected
2025-08-09 17:32:11,685 - watchfiles.main - INFO - 1 change detected
2025-08-09 17:32:12,036 - watchfiles.main - INFO - 1 change detected
2025-08-09 17:32:12,387 - watchfiles.main - INFO - 1 change detected
2025-08-09 17:32:12,737 - watchfiles.main - INFO - 1 change detected
2025-08-09 17:32:13,088 - watchfiles.main - INFO - 1 change detected
2025-08-09 17:32:13,438 - watchfiles.main - INFO - 1 change detected
2025-08-09 17:32:13,789 - watchfiles.main - INFO - 1 change detected
2025-08-09 17:32:14,140 - watchfiles.main - INFO - 1 change detected
2025-08-09 17:32:14,490 - watchfiles.main - INFO - 1 change detected
2025-08-09 17:32:14,841 - watchfiles.main - INFO - 1 change detected
2025-08-09 17:32:15,192 - watchfiles.main - INFO - 1 change detected
2025-08-09 17:32:15,542 - watchfiles.main - INFO - 1 change detected
2025-08-09 17:32:15,893 - watchfiles.main - INFO - 1 change detected
2025-08-09 17:32:16,243 - watchfiles.main - INFO - 1 change detected
2025-08-09 17:32:16,594 - watchfiles.main - INFO - 1 change detected
2025-08-09 17:32:16,945 - watchfiles.main - INFO - 1 change detected
2025-08-09 17:32:17,295 - watchfiles.main - INFO - 1 change detected
2025-08-09 17:32:17,646 - watchfiles.main - INFO - 1 change detected
2025-08-09 17:32:17,997 - watchfiles.main - INFO - 1 change detected
2025-08-09 17:32:18,347 - watchfiles.main - INFO - 1 change detected
2025-08-09 17:32:18,698 - watchfiles.main - INFO - 1 change detected
2025-08-09 17:32:19,048 - watchfiles.main - INFO - 1 change detected
2025-08-09 17:32:19,399 - watchfiles.main - INFO - 1 change detected
2025-08-09 17:32:19,750 - watchfiles.main - INFO - 1 change detected
2025-08-09 17:32:20,100 - watchfiles.main - INFO - 1 change detected
2025-08-09 17:32:20,451 - watchfiles.main - INFO - 1 change detected
2025-08-09 17:32:20,802 - watchfiles.main - INFO - 1 change detected
2025-08-09 17:32:21,152 - watchfiles.main - INFO - 1 change detected
2025-08-09 17:32:21,503 - watchfiles.main - INFO - 1 change detected
2025-08-09 17:32:21,854 - watchfiles.main - INFO - 1 change detected
2025-08-09 17:32:22,204 - watchfiles.main - INFO - 1 change detected
2025-08-09 17:32:22,555 - watchfiles.main - INFO - 1 change detected
2025-08-09 17:32:22,906 - watchfiles.main - INFO - 1 change detected
2025-08-09 17:32:23,256 - watchfiles.main - INFO - 1 change detected
2025-08-09 17:32:23,607 - watchfiles.main - INFO - 1 change detected
2025-08-09 17:32:23,957 - watchfiles.main - INFO - 1 change detected
2025-08-09 17:32:24,308 - watchfiles.main - INFO - 1 change detected
2025-08-09 17:32:24,659 - watchfiles.main - INFO - 1 change detected
2025-08-09 17:32:25,009 - watchfiles.main - INFO - 1 change detected
2025-08-09 17:32:25,360 - watchfiles.main - INFO - 1 change detected
2025-08-09 17:32:25,711 - watchfiles.main - INFO - 1 change detected
2025-08-09 17:32:26,061 - watchfiles.main - INFO - 1 change detected
2025-08-09 17:32:26,412 - watchfiles.main - INFO - 1 change detected
2025-08-09 17:32:26,763 - watchfiles.main - INFO - 1 change detected
2025-08-09 17:32:27,113 - watchfiles.main - INFO - 1 change detected
2025-08-09 17:32:27,464 - watchfiles.main - INFO - 1 change detected
2025-08-09 17:32:27,815 - watchfiles.main - INFO - 1 change detected
2025-08-09 17:32:28,165 - watchfiles.main - INFO - 1 change detected
2025-08-09 17:32:28,516 - watchfiles.main - INFO - 1 change detected
2025-08-09 17:32:28,867 - watchfiles.main - INFO - 1 change detected
2025-08-09 17:32:29,217 - watchfiles.main - INFO - 1 change detected
2025-08-09 17:32:29,568 - watchfiles.main - INFO - 1 change detected
2025-08-09 17:32:29,919 - watchfiles.main - INFO - 1 change detected
2025-08-09 17:32:30,269 - watchfiles.main - INFO - 1 change detected
2025-08-09 17:32:30,620 - watchfiles.main - INFO - 1 change detected
2025-08-09 17:32:30,970 - watchfiles.main - INFO - 1 change detected
2025-08-09 17:32:31,321 - watchfiles.main - INFO - 1 change detected
2025-08-09 17:32:31,672 - watchfiles.main - INFO - 1 change detected
2025-08-09 17:32:32,022 - watchfiles.main - INFO - 1 change detected
2025-08-09 17:32:32,373 - watchfiles.main - INFO - 1 change detected
2025-08-09 17:32:32,724 - watchfiles.main - INFO - 1 change detected
2025-08-09 17:32:33,074 - watchfiles.main - INFO - 1 change detected
2025-08-09 17:32:33,425 - watchfiles.main - INFO - 1 change detected
2025-08-09 17:32:33,776 - watchfiles.main - INFO - 1 change detected
2025-08-09 17:32:34,126 - watchfiles.main - INFO - 1 change detected
2025-08-09 17:32:34,477 - watchfiles.main - INFO - 1 change detected
2025-08-09 17:32:34,828 - watchfiles.main - INFO - 1 change detected
2025-08-09 17:32:35,178 - watchfiles.main - INFO - 1 change detected
2025-08-09 17:32:35,529 - watchfiles.main - INFO - 1 change detected
2025-08-09 17:32:35,879 - watchfiles.main - INFO - 1 change detected
2025-08-09 17:32:36,230 - watchfiles.main - INFO - 1 change detected
2025-08-09 17:32:36,581 - watchfiles.main - INFO - 1 change detected
2025-08-09 17:32:36,931 - watchfiles.main - INFO - 1 change detected
2025-08-09 17:32:37,282 - watchfiles.main - INFO - 1 change detected
2025-08-09 17:32:37,633 - watchfiles.main - INFO - 1 change detected
2025-08-09 17:32:37,983 - watchfiles.main - INFO - 1 change detected
2025-08-09 17:32:38,334 - watchfiles.main - INFO - 1 change detected
2025-08-09 17:32:38,685 - watchfiles.main - INFO - 1 change detected
2025-08-09 17:32:39,035 - watchfiles.main - INFO - 1 change detected
2025-08-09 17:32:39,436 - watchfiles.main - INFO - 2 changes detected
2025-08-09 17:32:39,787 - watchfiles.main - INFO - 1 change detected
2025-08-09 17:32:40,137 - watchfiles.main - INFO - 1 change detected
2025-08-09 17:32:40,488 - watchfiles.main - INFO - 1 change detected
2025-08-09 17:32:40,838 - watchfiles.main - INFO - 1 change detected
2025-08-09 17:32:41,189 - watchfiles.main - INFO - 1 change detected
2025-08-09 17:32:41,540 - watchfiles.main - INFO - 1 change detected
2025-08-09 17:32:41,890 - watchfiles.main - INFO - 1 change detected
2025-08-09 17:32:42,241 - watchfiles.main - INFO - 1 change detected
2025-08-09 17:32:42,592 - watchfiles.main - INFO - 1 change detected
2025-08-09 17:32:42,942 - watchfiles.main - INFO - 1 change detected
2025-08-09 17:32:43,293 - watchfiles.main - INFO - 1 change detected
2025-08-09 17:32:43,643 - watchfiles.main - INFO - 1 change detected
2025-08-09 17:32:43,994 - watchfiles.main - INFO - 1 change detected
2025-08-09 17:32:44,345 - watchfiles.main - INFO - 1 change detected
2025-08-09 17:32:44,695 - watchfiles.main - INFO - 1 change detected
2025-08-09 17:32:45,046 - watchfiles.main - INFO - 1 change detected
2025-08-09 17:32:45,397 - watchfiles.main - INFO - 1 change detected
2025-08-09 17:32:45,747 - watchfiles.main - INFO - 1 change detected
2025-08-09 17:32:46,098 - watchfiles.main - INFO - 1 change detected
2025-08-09 17:32:46,449 - watchfiles.main - INFO - 1 change detected
2025-08-09 17:32:46,799 - watchfiles.main - INFO - 1 change detected
2025-08-09 17:32:47,150 - watchfiles.main - INFO - 1 change detected
2025-08-09 17:32:47,501 - watchfiles.main - INFO - 1 change detected
2025-08-09 17:32:47,851 - watchfiles.main - INFO - 1 change detected
2025-08-09 17:32:48,202 - watchfiles.main - INFO - 1 change detected
2025-08-09 17:32:48,553 - watchfiles.main - INFO - 1 change detected
2025-08-09 17:32:48,903 - watchfiles.main - INFO - 1 change detected
2025-08-09 17:32:49,254 - watchfiles.main - INFO - 1 change detected
2025-08-09 17:32:49,605 - watchfiles.main - INFO - 1 change detected
2025-08-09 17:32:49,955 - watchfiles.main - INFO - 1 change detected
2025-08-09 17:32:50,306 - watchfiles.main - INFO - 1 change detected
2025-08-09 17:32:50,656 - watchfiles.main - INFO - 1 change detected
2025-08-09 17:32:51,007 - watchfiles.main - INFO - 1 change detected
2025-08-09 17:32:51,358 - watchfiles.main - INFO - 1 change detected
2025-08-09 17:32:51,708 - watchfiles.main - INFO - 1 change detected
2025-08-09 17:32:52,059 - watchfiles.main - INFO - 1 change detected
2025-08-09 17:32:52,410 - watchfiles.main - INFO - 1 change detected
2025-08-09 17:32:52,760 - watchfiles.main - INFO - 1 change detected
2025-08-09 17:32:53,111 - watchfiles.main - INFO - 1 change detected
2025-08-09 17:32:53,462 - watchfiles.main - INFO - 1 change detected
2025-08-09 17:32:53,812 - watchfiles.main - INFO - 1 change detected
2025-08-09 17:32:54,163 - watchfiles.main - INFO - 1 change detected
2025-08-09 17:32:54,513 - watchfiles.main - INFO - 1 change detected
2025-08-09 17:32:54,864 - watchfiles.main - INFO - 1 change detected
2025-08-09 17:32:55,215 - watchfiles.main - INFO - 1 change detected
2025-08-09 17:32:55,565 - watchfiles.main - INFO - 1 change detected
2025-08-09 17:32:55,916 - watchfiles.main - INFO - 1 change detected
2025-08-09 17:32:56,267 - watchfiles.main - INFO - 1 change detected
2025-08-09 17:32:56,617 - watchfiles.main - INFO - 1 change detected
2025-08-09 17:32:56,968 - watchfiles.main - INFO - 1 change detected
2025-08-09 17:32:57,319 - watchfiles.main - INFO - 1 change detected
2025-08-09 17:32:57,669 - watchfiles.main - INFO - 1 change detected
2025-08-09 17:32:58,020 - watchfiles.main - INFO - 1 change detected
2025-08-09 17:32:58,371 - watchfiles.main - INFO - 1 change detected
2025-08-09 17:32:58,721 - watchfiles.main - INFO - 1 change detected
2025-08-09 17:32:59,072 - watchfiles.main - INFO - 1 change detected
2025-08-09 17:32:59,422 - watchfiles.main - INFO - 1 change detected
2025-08-09 17:32:59,773 - watchfiles.main - INFO - 1 change detected
2025-08-09 17:33:00,124 - watchfiles.main - INFO - 1 change detected
2025-08-09 17:33:00,475 - watchfiles.main - INFO - 1 change detected
2025-08-09 17:33:00,825 - watchfiles.main - INFO - 1 change detected
2025-08-09 17:33:01,176 - watchfiles.main - INFO - 1 change detected
2025-08-09 17:33:01,526 - watchfiles.main - INFO - 1 change detected
2025-08-09 17:33:01,877 - watchfiles.main - INFO - 1 change detected
2025-08-09 17:33:02,228 - watchfiles.main - INFO - 1 change detected
2025-08-09 17:33:02,578 - watchfiles.main - INFO - 1 change detected
2025-08-09 17:33:02,929 - watchfiles.main - INFO - 1 change detected
2025-08-09 17:33:03,280 - watchfiles.main - INFO - 1 change detected
2025-08-09 17:33:03,630 - watchfiles.main - INFO - 1 change detected
2025-08-09 17:33:03,981 - watchfiles.main - INFO - 1 change detected
2025-08-09 17:33:04,331 - watchfiles.main - INFO - 1 change detected
2025-08-09 17:33:04,682 - watchfiles.main - INFO - 1 change detected
2025-08-09 17:33:05,033 - watchfiles.main - INFO - 1 change detected
2025-08-09 17:33:05,383 - watchfiles.main - INFO - 1 change detected
2025-08-09 17:33:05,734 - watchfiles.main - INFO - 1 change detected
2025-08-09 17:33:06,085 - watchfiles.main - INFO - 1 change detected
2025-08-09 17:33:06,435 - watchfiles.main - INFO - 1 change detected
2025-08-09 17:33:06,786 - watchfiles.main - INFO - 1 change detected
2025-08-09 17:33:07,136 - watchfiles.main - INFO - 1 change detected
2025-08-09 17:33:07,487 - watchfiles.main - INFO - 1 change detected
2025-08-09 17:33:07,838 - watchfiles.main - INFO - 1 change detected
2025-08-09 17:33:08,188 - watchfiles.main - INFO - 1 change detected
2025-08-09 17:33:08,539 - watchfiles.main - INFO - 1 change detected
2025-08-09 17:33:08,890 - watchfiles.main - INFO - 1 change detected
2025-08-09 17:33:09,240 - watchfiles.main - INFO - 1 change detected
2025-08-09 17:33:09,591 - watchfiles.main - INFO - 2 changes detected
2025-08-09 17:33:09,942 - watchfiles.main - INFO - 1 change detected
2025-08-09 17:33:10,292 - watchfiles.main - INFO - 1 change detected
2025-08-09 17:33:10,643 - watchfiles.main - INFO - 1 change detected
2025-08-09 17:33:10,993 - watchfiles.main - INFO - 1 change detected
2025-08-09 17:33:11,344 - watchfiles.main - INFO - 1 change detected
2025-08-09 17:33:11,695 - watchfiles.main - INFO - 1 change detected
2025-08-09 17:33:12,045 - watchfiles.main - INFO - 1 change detected
2025-08-09 17:33:12,396 - watchfiles.main - INFO - 1 change detected
2025-08-09 17:33:12,747 - watchfiles.main - INFO - 1 change detected
2025-08-09 17:33:13,097 - watchfiles.main - INFO - 1 change detected
2025-08-09 17:33:13,448 - watchfiles.main - INFO - 1 change detected
2025-08-09 17:33:13,799 - watchfiles.main - INFO - 1 change detected
2025-08-09 17:33:14,149 - watchfiles.main - INFO - 1 change detected
2025-08-09 17:33:14,500 - watchfiles.main - INFO - 1 change detected
2025-08-09 17:33:14,851 - watchfiles.main - INFO - 1 change detected
2025-08-09 17:33:15,201 - watchfiles.main - INFO - 1 change detected
2025-08-09 17:33:15,552 - watchfiles.main - INFO - 1 change detected
2025-08-09 17:33:15,903 - watchfiles.main - INFO - 1 change detected
2025-08-09 17:33:16,253 - watchfiles.main - INFO - 1 change detected
2025-08-09 17:33:16,604 - watchfiles.main - INFO - 1 change detected
2025-08-09 17:33:16,955 - watchfiles.main - INFO - 1 change detected
2025-08-09 17:33:17,305 - watchfiles.main - INFO - 1 change detected
2025-08-09 17:33:17,656 - watchfiles.main - INFO - 1 change detected
2025-08-09 17:33:18,007 - watchfiles.main - INFO - 1 change detected
2025-08-09 17:33:18,357 - watchfiles.main - INFO - 1 change detected
2025-08-09 17:33:18,708 - watchfiles.main - INFO - 1 change detected
2025-08-09 17:33:19,058 - watchfiles.main - INFO - 1 change detected
2025-08-09 17:33:19,409 - watchfiles.main - INFO - 1 change detected
2025-08-09 17:33:19,760 - watchfiles.main - INFO - 1 change detected
2025-08-09 17:33:20,110 - watchfiles.main - INFO - 1 change detected
2025-08-09 17:33:20,461 - watchfiles.main - INFO - 1 change detected
2025-08-09 17:33:20,812 - watchfiles.main - INFO - 1 change detected
2025-08-09 17:33:21,162 - watchfiles.main - INFO - 1 change detected
2025-08-09 17:33:21,513 - watchfiles.main - INFO - 1 change detected
2025-08-09 17:33:21,864 - watchfiles.main - INFO - 1 change detected
2025-08-09 17:33:22,214 - watchfiles.main - INFO - 1 change detected
2025-08-09 17:33:22,565 - watchfiles.main - INFO - 1 change detected
2025-08-09 17:33:22,916 - watchfiles.main - INFO - 1 change detected
2025-08-09 17:33:23,266 - watchfiles.main - INFO - 1 change detected
2025-08-09 17:33:23,617 - watchfiles.main - INFO - 1 change detected
2025-08-09 17:33:23,968 - watchfiles.main - INFO - 1 change detected
2025-08-09 17:33:24,318 - watchfiles.main - INFO - 1 change detected
2025-08-09 17:33:24,669 - watchfiles.main - INFO - 1 change detected
2025-08-09 17:33:25,019 - watchfiles.main - INFO - 1 change detected
2025-08-09 17:33:25,370 - watchfiles.main - INFO - 1 change detected
2025-08-09 17:33:25,721 - watchfiles.main - INFO - 1 change detected
2025-08-09 17:33:26,071 - watchfiles.main - INFO - 1 change detected
2025-08-09 17:33:26,422 - watchfiles.main - INFO - 1 change detected
2025-08-09 17:33:26,773 - watchfiles.main - INFO - 1 change detected
2025-08-09 17:33:27,123 - watchfiles.main - INFO - 1 change detected
2025-08-09 17:33:27,474 - watchfiles.main - INFO - 1 change detected
2025-08-09 17:33:27,825 - watchfiles.main - INFO - 1 change detected
2025-08-09 17:33:28,175 - watchfiles.main - INFO - 1 change detected
2025-08-09 17:33:28,526 - watchfiles.main - INFO - 1 change detected
2025-08-09 17:33:28,876 - watchfiles.main - INFO - 1 change detected
2025-08-09 17:33:29,227 - watchfiles.main - INFO - 1 change detected
2025-08-09 17:33:29,578 - watchfiles.main - INFO - 1 change detected
2025-08-09 17:33:29,928 - watchfiles.main - INFO - 1 change detected
2025-08-09 17:33:30,279 - watchfiles.main - INFO - 1 change detected
2025-08-09 17:33:30,630 - watchfiles.main - INFO - 1 change detected
2025-08-09 17:33:30,980 - watchfiles.main - INFO - 1 change detected
2025-08-09 17:33:31,331 - watchfiles.main - INFO - 1 change detected
2025-08-09 17:33:31,682 - watchfiles.main - INFO - 1 change detected
2025-08-09 17:33:32,032 - watchfiles.main - INFO - 1 change detected
2025-08-09 17:33:32,383 - watchfiles.main - INFO - 1 change detected
2025-08-09 17:33:32,734 - watchfiles.main - INFO - 1 change detected
2025-08-09 17:33:33,084 - watchfiles.main - INFO - 1 change detected
2025-08-09 17:33:33,435 - watchfiles.main - INFO - 1 change detected
2025-08-09 17:33:33,785 - watchfiles.main - INFO - 1 change detected
2025-08-09 17:33:34,136 - watchfiles.main - INFO - 1 change detected
2025-08-09 17:33:34,487 - watchfiles.main - INFO - 1 change detected
2025-08-09 17:33:34,837 - watchfiles.main - INFO - 1 change detected
2025-08-09 17:33:35,188 - watchfiles.main - INFO - 1 change detected
2025-08-09 17:33:35,539 - watchfiles.main - INFO - 1 change detected
2025-08-09 17:33:35,889 - watchfiles.main - INFO - 1 change detected
2025-08-09 17:33:36,240 - watchfiles.main - INFO - 1 change detected
2025-08-09 17:33:36,591 - watchfiles.main - INFO - 1 change detected
2025-08-09 17:33:36,941 - watchfiles.main - INFO - 1 change detected
2025-08-09 17:33:37,292 - watchfiles.main - INFO - 1 change detected
2025-08-09 17:33:37,642 - watchfiles.main - INFO - 1 change detected
2025-08-09 17:33:37,993 - watchfiles.main - INFO - 1 change detected
2025-08-09 17:33:38,344 - watchfiles.main - INFO - 1 change detected
2025-08-09 17:33:38,696 - watchfiles.main - INFO - 1 change detected
2025-08-09 17:33:39,047 - watchfiles.main - INFO - 1 change detected
2025-08-09 17:33:39,447 - watchfiles.main - INFO - 2 changes detected
2025-08-09 17:33:39,798 - watchfiles.main - INFO - 2 changes detected
2025-08-09 17:33:40,704 - watchfiles.main - INFO - 2 changes detected
2025-08-09 17:33:41,055 - watchfiles.main - INFO - 1 change detected
2025-08-09 17:33:41,406 - watchfiles.main - INFO - 1 change detected
2025-08-09 17:33:41,756 - watchfiles.main - INFO - 1 change detected
2025-08-09 17:33:42,107 - watchfiles.main - INFO - 2 changes detected
2025-08-09 17:33:42,458 - watchfiles.main - INFO - 2 changes detected
2025-08-09 17:33:42,808 - watchfiles.main - INFO - 1 change detected
2025-08-09 17:33:43,159 - watchfiles.main - INFO - 2 changes detected
2025-08-09 17:33:43,510 - watchfiles.main - INFO - 1 change detected
2025-08-09 17:33:43,860 - watchfiles.main - INFO - 2 changes detected
2025-08-09 17:33:44,211 - watchfiles.main - INFO - 2 changes detected
2025-08-09 17:33:44,562 - watchfiles.main - INFO - 2 changes detected
2025-08-09 17:33:44,912 - watchfiles.main - INFO - 2 changes detected
2025-08-09 17:33:45,263 - watchfiles.main - INFO - 2 changes detected
2025-08-09 17:33:45,664 - watchfiles.main - INFO - 2 changes detected
2025-08-09 17:33:46,014 - watchfiles.main - INFO - 1 change detected
2025-08-09 17:33:46,365 - watchfiles.main - INFO - 1 change detected
2025-08-09 17:33:46,716 - watchfiles.main - INFO - 1 change detected
2025-08-09 17:33:47,066 - watchfiles.main - INFO - 1 change detected
2025-08-09 17:33:47,417 - watchfiles.main - INFO - 1 change detected
2025-08-09 17:33:47,768 - watchfiles.main - INFO - 1 change detected
2025-08-09 17:33:48,118 - watchfiles.main - INFO - 1 change detected
2025-08-09 17:33:48,469 - watchfiles.main - INFO - 1 change detected
2025-08-09 17:33:48,819 - watchfiles.main - INFO - 1 change detected
2025-08-09 17:33:49,170 - watchfiles.main - INFO - 1 change detected
2025-08-09 17:33:49,521 - watchfiles.main - INFO - 1 change detected
2025-08-09 17:33:49,871 - watchfiles.main - INFO - 1 change detected
2025-08-09 17:33:50,222 - watchfiles.main - INFO - 1 change detected
2025-08-09 17:33:50,573 - watchfiles.main - INFO - 1 change detected
2025-08-09 17:33:50,923 - watchfiles.main - INFO - 1 change detected
2025-08-09 17:33:51,274 - watchfiles.main - INFO - 1 change detected
2025-08-09 17:33:51,625 - watchfiles.main - INFO - 1 change detected
2025-08-09 17:33:51,975 - watchfiles.main - INFO - 1 change detected
